# JRE version: Java(TM) SE Runtime Environment (21.0.8+12) (build 21.0.8+12-LTS-250)
# Java VM: Java HotSpot(TM) 64-Bit Server VM (21.0.8+12-LTS-250, mixed mode, sharing, tiered, compressed oops, compressed class ptrs, g1 gc, windows-amd64)
GC Precious Log:
 CardTable entry size: 512
 Card Set container configuration: InlinePtr #cards 5 size 8 Array Of Cards #cards 12 size 40 Howl #buckets 4 coarsen threshold 1843 Howl Bitmap #cards 512 size 80 coarsen threshold 460 Card regions per heap region 1 cards per card region 2048
 CPUs: 8 total, 8 available
 Memory: 7418M
 Large Page Support: Disabled
 NUMA Support: Disabled
 Compressed Oops: Enabled (32-bit)
 Heap Region Size: 1M
 Heap Min Capacity: 8M
 Heap Initial Capacity: 116M
 Heap Max Capacity: 1856M
 Pre-touch: Disabled
 Parallel Workers: 8
 Concurrent Workers: 2
 Concurrent Refinement Workers: 8
 Periodic GC: Disabled
Heap:
 garbage-first heap   total 121856K, used 83968K [0x000000008c000000, 0x0000000100000000)
  region size 1024K, 30 young (30720K), 2 survivors (2048K)
 Metaspace       used 30028K, committed 30528K, reserved 1114112K
  class space    used 3305K, committed 3584K, reserved 1048576K
GC Heap History (16 events):
Event: 3.085 GC heap before
{Heap before GC invocations=0 (full 0):
 garbage-first heap   total 118784K, used 23552K [0x000000008c000000, 0x0000000100000000)
  region size 1024K, 23 young (23552K), 0 survivors (0K)
 Metaspace       used 5658K, committed 5888K, reserved 1114112K
  class space    used 657K, committed 768K, reserved 1048576K
}
Event: 3.153 GC heap after
{Heap after GC invocations=1 (full 0):
 garbage-first heap   total 118784K, used 3648K [0x000000008c000000, 0x0000000100000000)
  region size 1024K, 3 young (3072K), 3 survivors (3072K)
 Metaspace       used 5658K, committed 5888K, reserved 1114112K
  class space    used 657K, committed 768K, reserved 1048576K
}
Event: 6.079 GC heap before
{Heap before GC invocations=1 (full 0):
 garbage-first heap   total 118784K, used 33344K [0x000000008c000000, 0x0000000100000000)
  region size 1024K, 32 young (32768K), 3 survivors (3072K)
 Metaspace       used 8706K, committed 8896K, reserved 1114112K
  class space    used 1020K, committed 1088K, reserved 1048576K
}
Event: 6.092 GC heap after
{Heap after GC invocations=2 (full 0):
 garbage-first heap   total 118784K, used 5043K [0x000000008c000000, 0x0000000100000000)
  region size 1024K, 2 young (2048K), 2 survivors (2048K)
 Metaspace       used 8706K, committed 8896K, reserved 1114112K
  class space    used 1020K, committed 1088K, reserved 1048576K
}
Event: 12.438 GC heap before
{Heap before GC invocations=2 (full 0):
 garbage-first heap   total 118784K, used 73651K [0x000000008c000000, 0x0000000100000000)
  region size 1024K, 69 young (70656K), 2 survivors (2048K)
 Metaspace       used 15645K, committed 15872K, reserved 1114112K
  class space    used 1821K, committed 1920K, reserved 1048576K
}
Event: 12.471 GC heap after
{Heap after GC invocations=3 (full 0):
 garbage-first heap   total 118784K, used 12954K [0x000000008c000000, 0x0000000100000000)
  region size 1024K, 9 young (9216K), 9 survivors (9216K)
 Metaspace       used 15645K, committed 15872K, reserved 1114112K
  class space    used 1821K, committed 1920K, reserved 1048576K
}
Event: 16.249 GC heap before
{Heap before GC invocations=3 (full 0):
 garbage-first heap   total 118784K, used 74394K [0x000000008c000000, 0x0000000100000000)
  region size 1024K, 69 young (70656K), 9 survivors (9216K)
 Metaspace       used 16390K, committed 16704K, reserved 1114112K
  class space    used 1839K, committed 1984K, reserved 1048576K
}
Event: 16.275 GC heap after
{Heap after GC invocations=4 (full 0):
 garbage-first heap   total 118784K, used 15360K [0x000000008c000000, 0x0000000100000000)
  region size 1024K, 3 young (3072K), 3 survivors (3072K)
 Metaspace       used 16390K, committed 16704K, reserved 1114112K
  class space    used 1839K, committed 1984K, reserved 1048576K
}
Event: 21.552 GC heap before
{Heap before GC invocations=4 (full 0):
 garbage-first heap   total 118784K, used 106496K [0x000000008c000000, 0x0000000100000000)
  region size 1024K, 54 young (55296K), 3 survivors (3072K)
 Metaspace       used 21232K, committed 21504K, reserved 1114112K
  class space    used 2422K, committed 2560K, reserved 1048576K
}
Event: 21.574 GC heap after
{Heap after GC invocations=5 (full 0):
 garbage-first heap   total 118784K, used 28160K [0x000000008c000000, 0x0000000100000000)
  region size 1024K, 9 young (9216K), 9 survivors (9216K)
 Metaspace       used 21232K, committed 21504K, reserved 1114112K
  class space    used 2422K, committed 2560K, reserved 1048576K
}
Event: 24.632 GC heap before
{Heap before GC invocations=6 (full 0):
 garbage-first heap   total 99328K, used 91648K [0x000000008c000000, 0x0000000100000000)
  region size 1024K, 69 young (70656K), 9 survivors (9216K)
 Metaspace       used 26467K, committed 26816K, reserved 1114112K
  class space    used 2965K, committed 3136K, reserved 1048576K
}
Event: 24.688 GC heap after
{Heap after GC invocations=7 (full 0):
 garbage-first heap   total 121856K, used 50176K [0x000000008c000000, 0x0000000100000000)
  region size 1024K, 9 young (9216K), 9 survivors (9216K)
 Metaspace       used 26467K, committed 26816K, reserved 1114112K
  class space    used 2965K, committed 3136K, reserved 1048576K
}
Event: 29.215 GC heap before
{Heap before GC invocations=7 (full 0):
 garbage-first heap   total 121856K, used 99328K [0x000000008c000000, 0x0000000100000000)
  region size 1024K, 54 young (55296K), 9 survivors (9216K)
 Metaspace       used 28056K, committed 28416K, reserved 1114112K
  class space    used 3058K, committed 3264K, reserved 1048576K
}
Event: 29.249 GC heap after
{Heap after GC invocations=8 (full 0):
 garbage-first heap   total 121856K, used 54784K [0x000000008c000000, 0x0000000100000000)
  region size 1024K, 6 young (6144K), 6 survivors (6144K)
 Metaspace       used 28056K, committed 28416K, reserved 1114112K
  class space    used 3058K, committed 3264K, reserved 1048576K
}
Event: 31.341 GC heap before
{Heap before GC invocations=8 (full 0):
 garbage-first heap   total 121856K, used 97792K [0x000000008c000000, 0x0000000100000000)
  region size 1024K, 49 young (50176K), 6 survivors (6144K)
 Metaspace       used 29433K, committed 29888K, reserved 1114112K
  class space    used 3223K, committed 3456K, reserved 1048576K
}
Event: 31.357 GC heap after
{Heap after GC invocations=9 (full 0):
 garbage-first heap   total 121856K, used 56320K [0x000000008c000000, 0x0000000100000000)
  region size 1024K, 2 young (2048K), 2 survivors (2048K)
 Metaspace       used 29433K, committed 29888K, reserved 1114112K
  class space    used 3223K, committed 3456K, reserved 1048576K
}

